<?xml version="1.0" encoding="UTF-8"?>
<!-- Generated by org.testng.reporters.JUnitReportReporter -->
<testsuite skipped="0" hostname="HP" name="samplegittest.SampleGitTest" tests="1" failures="0" timestamp="16 Jun 2018 06:49:58 GMT" time="23.735" errors="0">
  <testcase name="loginTest" time="23.735" classname="samplegittest.SampleGitTest"/>
</testsuite> <!-- samplegittest.SampleGitTest -->
