<?xml version="1.0" encoding="UTF-8"?>
<!-- Generated by org.testng.reporters.JUnitReportReporter -->
<testsuite name="samplegittest.SampleGitTest" tests="1" time="26.884" ignored="0" failures="0" timestamp="23 Jun 2018 06:07:32 GMT" skipped="0" hostname="HP" errors="0">
  <testcase name="loginTest" time="26.884" classname="samplegittest.SampleGitTest"/>
</testsuite> <!-- samplegittest.SampleGitTest -->
